<!doctype html>
<html lang="en">
<head>
<meta charset="utf-8">
<meta name="viewport" content="width=device-width, initial-scale=1, minimum-scale=1" />
<meta name="generator" content="pdoc 0.10.0" />
<title>CCAugmentation.tests.test_operations API documentation</title>
<meta name="description" content="" />
<link rel="preload stylesheet" as="style" href="https://cdnjs.cloudflare.com/ajax/libs/10up-sanitize.css/11.0.1/sanitize.min.css" integrity="sha256-PK9q560IAAa6WVRRh76LtCaI8pjTJ2z11v0miyNNjrs=" crossorigin>
<link rel="preload stylesheet" as="style" href="https://cdnjs.cloudflare.com/ajax/libs/10up-sanitize.css/11.0.1/typography.min.css" integrity="sha256-7l/o7C8jubJiy74VsKTidCy1yBkRtiUGbVkYBylBqUg=" crossorigin>
<link rel="stylesheet preload" as="style" href="https://cdnjs.cloudflare.com/ajax/libs/highlight.js/10.1.1/styles/github.min.css" crossorigin>
<style>:root{--highlight-color:#fe9}.flex{display:flex !important}body{line-height:1.5em}#content{padding:20px}#sidebar{padding:30px;overflow:hidden}#sidebar > *:last-child{margin-bottom:2cm}.http-server-breadcrumbs{font-size:130%;margin:0 0 15px 0}#footer{font-size:.75em;padding:5px 30px;border-top:1px solid #ddd;text-align:right}#footer p{margin:0 0 0 1em;display:inline-block}#footer p:last-child{margin-right:30px}h1,h2,h3,h4,h5{font-weight:300}h1{font-size:2.5em;line-height:1.1em}h2{font-size:1.75em;margin:1em 0 .50em 0}h3{font-size:1.4em;margin:25px 0 10px 0}h4{margin:0;font-size:105%}h1:target,h2:target,h3:target,h4:target,h5:target,h6:target{background:var(--highlight-color);padding:.2em 0}a{color:#058;text-decoration:none;transition:color .3s ease-in-out}a:hover{color:#e82}.title code{font-weight:bold}h2[id^="header-"]{margin-top:2em}.ident{color:#900}pre code{background:#f8f8f8;font-size:.8em;line-height:1.4em}code{background:#f2f2f1;padding:1px 4px;overflow-wrap:break-word}h1 code{background:transparent}pre{background:#f8f8f8;border:0;border-top:1px solid #ccc;border-bottom:1px solid #ccc;margin:1em 0;padding:1ex}#http-server-module-list{display:flex;flex-flow:column}#http-server-module-list div{display:flex}#http-server-module-list dt{min-width:10%}#http-server-module-list p{margin-top:0}.toc ul,#index{list-style-type:none;margin:0;padding:0}#index code{background:transparent}#index h3{border-bottom:1px solid #ddd}#index ul{padding:0}#index h4{margin-top:.6em;font-weight:bold}@media (min-width:200ex){#index .two-column{column-count:2}}@media (min-width:300ex){#index .two-column{column-count:3}}dl{margin-bottom:2em}dl dl:last-child{margin-bottom:4em}dd{margin:0 0 1em 3em}#header-classes + dl > dd{margin-bottom:3em}dd dd{margin-left:2em}dd p{margin:10px 0}.name{background:#eee;font-weight:bold;font-size:.85em;padding:5px 10px;display:inline-block;min-width:40%}.name:hover{background:#e0e0e0}dt:target .name{background:var(--highlight-color)}.name > span:first-child{white-space:nowrap}.name.class > span:nth-child(2){margin-left:.4em}.inherited{color:#999;border-left:5px solid #eee;padding-left:1em}.inheritance em{font-style:normal;font-weight:bold}.desc h2{font-weight:400;font-size:1.25em}.desc h3{font-size:1em}.desc dt code{background:inherit}.source summary,.git-link-div{color:#666;text-align:right;font-weight:400;font-size:.8em;text-transform:uppercase}.source summary > *{white-space:nowrap;cursor:pointer}.git-link{color:inherit;margin-left:1em}.source pre{max-height:500px;overflow:auto;margin:0}.source pre code{font-size:12px;overflow:visible}.hlist{list-style:none}.hlist li{display:inline}.hlist li:after{content:',\2002'}.hlist li:last-child:after{content:none}.hlist .hlist{display:inline;padding-left:1em}img{max-width:100%}td{padding:0 .5em}.admonition{padding:.1em .5em;margin-bottom:1em}.admonition-title{font-weight:bold}.admonition.note,.admonition.info,.admonition.important{background:#aef}.admonition.todo,.admonition.versionadded,.admonition.tip,.admonition.hint{background:#dfd}.admonition.warning,.admonition.versionchanged,.admonition.deprecated{background:#fd4}.admonition.error,.admonition.danger,.admonition.caution{background:lightpink}</style>
<style media="screen and (min-width: 700px)">@media screen and (min-width:700px){#sidebar{width:30%;height:100vh;overflow:auto;position:sticky;top:0}#content{width:70%;max-width:100ch;padding:3em 4em;border-left:1px solid #ddd}pre code{font-size:1em}.item .name{font-size:1em}main{display:flex;flex-direction:row-reverse;justify-content:flex-end}.toc ul ul,#index ul{padding-left:1.5em}.toc > ul > li{margin-top:.5em}}</style>
<style media="print">@media print{#sidebar h1{page-break-before:always}.source{display:none}}@media print{*{background:transparent !important;color:#000 !important;box-shadow:none !important;text-shadow:none !important}a[href]:after{content:" (" attr(href) ")";font-size:90%}a[href][title]:after{content:none}abbr[title]:after{content:" (" attr(title) ")"}.ir a:after,a[href^="javascript:"]:after,a[href^="#"]:after{content:""}pre,blockquote{border:1px solid #999;page-break-inside:avoid}thead{display:table-header-group}tr,img{page-break-inside:avoid}img{max-width:100% !important}@page{margin:0.5cm}p,h2,h3{orphans:3;widows:3}h1,h2,h3,h4,h5,h6{page-break-after:avoid}}</style>
<script defer src="https://cdnjs.cloudflare.com/ajax/libs/highlight.js/10.1.1/highlight.min.js" integrity="sha256-Uv3H6lx7dJmRfRvH8TH6kJD1TSK1aFcwgx+mdg3epi8=" crossorigin></script>
<script>window.addEventListener('DOMContentLoaded', () => hljs.initHighlighting())</script>
</head>
<body>
<main>
<article id="content">
<header>
<h1 class="title">Module <code>CCAugmentation.tests.test_operations</code></h1>
</header>
<section id="section-intro">
<details class="source">
<summary>
<span>Expand source code</span>
</summary>
<pre><code class="python">import random
import unittest

import numpy as np

import CCAugmentation as cca
from CCAugmentation.tests import pipeline_helper


class DuplicateTests(unittest.TestCase):
    def setUp(self) -&gt; None:
        self.orig_len = 5
        self.dups_num = 4
        self.data = list(pipeline_helper.generate_data(self.orig_len))
        self.op = cca.Duplicate(self.dups_num)
        self.result = pipeline_helper.run_ops_in_trivial_pipeline(self.data, [self.op])

    def test_invalid_dup_number_fails(self):
        self.assertRaises(ValueError, lambda: cca.Duplicate(0))
        self.assertRaises(ValueError, lambda: cca.Duplicate(-1))

    def test_check_expected_samples_num_on_output(self):
        self.assertEqual(1, cca.Duplicate(1).get_output_samples_number_multiplier())
        self.assertEqual(5, cca.Duplicate(5).get_output_samples_number_multiplier())

    def test_produces_correct_number_of_tuples(self):
        self.assertEqual(self.orig_len * self.dups_num, len(self.result[0]))
        self.assertEqual(self.orig_len * self.dups_num, len(self.result[1]))

    def test_duplicates_are_equal(self):
        self.assertTrue(np.all(self.data[0][0] == self.result[0][0]))
        self.assertTrue(np.all(self.data[1][0] == self.result[1][0]))
        self.assertTrue(np.all(self.result[0][0] == self.result[0][:self.dups_num]))
        self.assertTrue(np.all(self.result[1][1] == self.result[1][:self.dups_num]))

    def test_values_are_preserved(self):
        self.assertFalse(np.all(self.result[0][0] == self.result[0][self.dups_num:]))
        self.assertFalse(np.all(self.result[1][0] == self.result[1][self.dups_num:]))


class DropoutTests(unittest.TestCase):
    def setUp(self) -&gt; None:
        self.orig_len = 10

    def _do_dropout(self, rate):
        data = pipeline_helper.generate_data(self.orig_len)
        op = cca.Dropout(rate)
        return pipeline_helper.run_ops_in_trivial_pipeline(data, [op])

    def test_invalid_dropout_rate_fails(self):
        self.assertRaises(ValueError, lambda: cca.Dropout(1))
        self.assertRaises(ValueError, lambda: cca.Dropout(-1))
        self.assertRaises(ValueError, lambda: cca.Dropout(5))

    def test_check_expected_samples_num_on_output(self):
        self.assertEqual(1.0, cca.Dropout(0).get_output_samples_number_multiplier())
        self.assertEqual(0.5, cca.Dropout(0.5).get_output_samples_number_multiplier())
        self.assertEqual(0.75, cca.Dropout(0.25).get_output_samples_number_multiplier())

    def test_no_dropout_full_data(self):
        result = self._do_dropout(0.0)
        self.assertEqual(self.orig_len, len(result[0]))
        self.assertEqual(self.orig_len, len(result[1]))

    def test_partial_dropout_partial_data(self):
        random.seed(0)
        result = self._do_dropout(0.5)
        self.assertLess(0, len(result[0]))
        self.assertGreater(self.orig_len, len(result[0]))
        self.assertLess(0, len(result[1]))
        self.assertGreater(self.orig_len, len(result[1]))


class OptimizeBatchTests(unittest.TestCase):
    def setUp(self) -&gt; None:
        # 2x (10, 10), 2x (15, 10), 1x (5, 10)
        self.sizes = [(10, 10), (15, 10), (15, 10), (5, 10), (10, 10)]
        self.data = self._generate_data(self.sizes)

    @staticmethod
    def _generate_sample(width, height):
        imgs, dms = pipeline_helper.generate_data(1, width, height)
        return imgs[0], dms[0]

    @staticmethod
    def _generate_data(sizes):
        return list(zip(*[OptimizeBatchTests._generate_sample(w, h) for (w, h) in sizes]))

    def _optimize_batches(self, batch_size, buffer_size_limit):
        op = cca.OptimizeBatch(batch_size, buffer_size_limit)
        return pipeline_helper.run_ops_in_trivial_pipeline(self.data, [op])

    def test_invalid_batch_size_fails(self):
        self.assertRaises(ValueError, lambda: cca.OptimizeBatch(0))
        self.assertRaises(ValueError, lambda: cca.OptimizeBatch(-3))

    def test_invalid_buffer_size_limit_fails(self):
        self.assertRaises(ValueError, lambda: cca.OptimizeBatch(10, 0))
        self.assertRaises(ValueError, lambda: cca.OptimizeBatch(10, -1))

    def test_batch_1_works(self):
        result = self._optimize_batches(1, None)
        self.assertEqual(len(self.data[0]), len(result[0]))
        self.assertEqual(len(self.data[1]), len(result[1]))


if __name__ == &#39;__main__&#39;:
    unittest.main()</code></pre>
</details>
</section>
<section>
</section>
<section>
</section>
<section>
</section>
<section>
<h2 class="section-title" id="header-classes">Classes</h2>
<dl>
<dt id="CCAugmentation.tests.test_operations.DropoutTests"><code class="flex name class">
<span>class <span class="ident">DropoutTests</span></span>
<span>(</span><span>methodName='runTest')</span>
</code></dt>
<dd>
<div class="desc"><p>A class whose instances are single test cases.</p>
<p>By default, the test code itself should be placed in a method named
'runTest'.</p>
<p>If the fixture may be used for many test cases, create as
many test methods as are needed. When instantiating such a TestCase
subclass, specify in the constructor arguments the name of the test method
that the instance is to execute.</p>
<p>Test authors should subclass TestCase for their own tests. Construction
and deconstruction of the test's environment ('fixture') can be
implemented by overriding the 'setUp' and 'tearDown' methods respectively.</p>
<p>If it is necessary to override the <strong>init</strong> method, the base class
<strong>init</strong> method must always be called. It is important that subclasses
should not change the signature of their <strong>init</strong> method, since instances
of the classes are instantiated automatically by parts of the framework
in order to be run.</p>
<p>When subclassing TestCase, you can set these attributes:
* failureException: determines which exception will be raised when
the instance's assertion methods fail; test methods raising this
exception will be deemed to have 'failed' rather than 'errored'.
* longMessage: determines whether long messages (including repr of
objects used in assert methods) will be printed on failure in <em>addition</em>
to any explicit message passed.
* maxDiff: sets the maximum length of a diff in failure messages
by assert methods using difflib. It is looked up as an instance
attribute so can be configured by individual tests if required.</p>
<p>Create an instance of the class that will use the named test
method when executed. Raises a ValueError if the instance does
not have a method with the specified name.</p></div>
<details class="source">
<summary>
<span>Expand source code</span>
</summary>
<pre><code class="python">class DropoutTests(unittest.TestCase):
    def setUp(self) -&gt; None:
        self.orig_len = 10

    def _do_dropout(self, rate):
        data = pipeline_helper.generate_data(self.orig_len)
        op = cca.Dropout(rate)
        return pipeline_helper.run_ops_in_trivial_pipeline(data, [op])

    def test_invalid_dropout_rate_fails(self):
        self.assertRaises(ValueError, lambda: cca.Dropout(1))
        self.assertRaises(ValueError, lambda: cca.Dropout(-1))
        self.assertRaises(ValueError, lambda: cca.Dropout(5))

    def test_check_expected_samples_num_on_output(self):
        self.assertEqual(1.0, cca.Dropout(0).get_output_samples_number_multiplier())
        self.assertEqual(0.5, cca.Dropout(0.5).get_output_samples_number_multiplier())
        self.assertEqual(0.75, cca.Dropout(0.25).get_output_samples_number_multiplier())

    def test_no_dropout_full_data(self):
        result = self._do_dropout(0.0)
        self.assertEqual(self.orig_len, len(result[0]))
        self.assertEqual(self.orig_len, len(result[1]))

    def test_partial_dropout_partial_data(self):
        random.seed(0)
        result = self._do_dropout(0.5)
        self.assertLess(0, len(result[0]))
        self.assertGreater(self.orig_len, len(result[0]))
        self.assertLess(0, len(result[1]))
        self.assertGreater(self.orig_len, len(result[1]))</code></pre>
</details>
<h3>Ancestors</h3>
<ul class="hlist">
<li>unittest.case.TestCase</li>
</ul>
<h3>Methods</h3>
<dl>
<dt id="CCAugmentation.tests.test_operations.DropoutTests.setUp"><code class="name flex">
<span>def <span class="ident">setUp</span></span>(<span>self) ‑> None</span>
</code></dt>
<dd>
<div class="desc"><p>Hook method for setting up the test fixture before exercising it.</p></div>
<details class="source">
<summary>
<span>Expand source code</span>
</summary>
<pre><code class="python">def setUp(self) -&gt; None:
    self.orig_len = 10</code></pre>
</details>
</dd>
<dt id="CCAugmentation.tests.test_operations.DropoutTests.test_check_expected_samples_num_on_output"><code class="name flex">
<span>def <span class="ident">test_check_expected_samples_num_on_output</span></span>(<span>self)</span>
</code></dt>
<dd>
<div class="desc"></div>
<details class="source">
<summary>
<span>Expand source code</span>
</summary>
<pre><code class="python">def test_check_expected_samples_num_on_output(self):
    self.assertEqual(1.0, cca.Dropout(0).get_output_samples_number_multiplier())
    self.assertEqual(0.5, cca.Dropout(0.5).get_output_samples_number_multiplier())
    self.assertEqual(0.75, cca.Dropout(0.25).get_output_samples_number_multiplier())</code></pre>
</details>
</dd>
<dt id="CCAugmentation.tests.test_operations.DropoutTests.test_invalid_dropout_rate_fails"><code class="name flex">
<span>def <span class="ident">test_invalid_dropout_rate_fails</span></span>(<span>self)</span>
</code></dt>
<dd>
<div class="desc"></div>
<details class="source">
<summary>
<span>Expand source code</span>
</summary>
<pre><code class="python">def test_invalid_dropout_rate_fails(self):
    self.assertRaises(ValueError, lambda: cca.Dropout(1))
    self.assertRaises(ValueError, lambda: cca.Dropout(-1))
    self.assertRaises(ValueError, lambda: cca.Dropout(5))</code></pre>
</details>
</dd>
<dt id="CCAugmentation.tests.test_operations.DropoutTests.test_no_dropout_full_data"><code class="name flex">
<span>def <span class="ident">test_no_dropout_full_data</span></span>(<span>self)</span>
</code></dt>
<dd>
<div class="desc"></div>
<details class="source">
<summary>
<span>Expand source code</span>
</summary>
<pre><code class="python">def test_no_dropout_full_data(self):
    result = self._do_dropout(0.0)
    self.assertEqual(self.orig_len, len(result[0]))
    self.assertEqual(self.orig_len, len(result[1]))</code></pre>
</details>
</dd>
<dt id="CCAugmentation.tests.test_operations.DropoutTests.test_partial_dropout_partial_data"><code class="name flex">
<span>def <span class="ident">test_partial_dropout_partial_data</span></span>(<span>self)</span>
</code></dt>
<dd>
<div class="desc"></div>
<details class="source">
<summary>
<span>Expand source code</span>
</summary>
<pre><code class="python">def test_partial_dropout_partial_data(self):
    random.seed(0)
    result = self._do_dropout(0.5)
    self.assertLess(0, len(result[0]))
    self.assertGreater(self.orig_len, len(result[0]))
    self.assertLess(0, len(result[1]))
    self.assertGreater(self.orig_len, len(result[1]))</code></pre>
</details>
</dd>
</dl>
</dd>
<dt id="CCAugmentation.tests.test_operations.DuplicateTests"><code class="flex name class">
<span>class <span class="ident">DuplicateTests</span></span>
<span>(</span><span>methodName='runTest')</span>
</code></dt>
<dd>
<div class="desc"><p>A class whose instances are single test cases.</p>
<p>By default, the test code itself should be placed in a method named
'runTest'.</p>
<p>If the fixture may be used for many test cases, create as
many test methods as are needed. When instantiating such a TestCase
subclass, specify in the constructor arguments the name of the test method
that the instance is to execute.</p>
<p>Test authors should subclass TestCase for their own tests. Construction
and deconstruction of the test's environment ('fixture') can be
implemented by overriding the 'setUp' and 'tearDown' methods respectively.</p>
<p>If it is necessary to override the <strong>init</strong> method, the base class
<strong>init</strong> method must always be called. It is important that subclasses
should not change the signature of their <strong>init</strong> method, since instances
of the classes are instantiated automatically by parts of the framework
in order to be run.</p>
<p>When subclassing TestCase, you can set these attributes:
* failureException: determines which exception will be raised when
the instance's assertion methods fail; test methods raising this
exception will be deemed to have 'failed' rather than 'errored'.
* longMessage: determines whether long messages (including repr of
objects used in assert methods) will be printed on failure in <em>addition</em>
to any explicit message passed.
* maxDiff: sets the maximum length of a diff in failure messages
by assert methods using difflib. It is looked up as an instance
attribute so can be configured by individual tests if required.</p>
<p>Create an instance of the class that will use the named test
method when executed. Raises a ValueError if the instance does
not have a method with the specified name.</p></div>
<details class="source">
<summary>
<span>Expand source code</span>
</summary>
<pre><code class="python">class DuplicateTests(unittest.TestCase):
    def setUp(self) -&gt; None:
        self.orig_len = 5
        self.dups_num = 4
        self.data = list(pipeline_helper.generate_data(self.orig_len))
        self.op = cca.Duplicate(self.dups_num)
        self.result = pipeline_helper.run_ops_in_trivial_pipeline(self.data, [self.op])

    def test_invalid_dup_number_fails(self):
        self.assertRaises(ValueError, lambda: cca.Duplicate(0))
        self.assertRaises(ValueError, lambda: cca.Duplicate(-1))

    def test_check_expected_samples_num_on_output(self):
        self.assertEqual(1, cca.Duplicate(1).get_output_samples_number_multiplier())
        self.assertEqual(5, cca.Duplicate(5).get_output_samples_number_multiplier())

    def test_produces_correct_number_of_tuples(self):
        self.assertEqual(self.orig_len * self.dups_num, len(self.result[0]))
        self.assertEqual(self.orig_len * self.dups_num, len(self.result[1]))

    def test_duplicates_are_equal(self):
        self.assertTrue(np.all(self.data[0][0] == self.result[0][0]))
        self.assertTrue(np.all(self.data[1][0] == self.result[1][0]))
        self.assertTrue(np.all(self.result[0][0] == self.result[0][:self.dups_num]))
        self.assertTrue(np.all(self.result[1][1] == self.result[1][:self.dups_num]))

    def test_values_are_preserved(self):
        self.assertFalse(np.all(self.result[0][0] == self.result[0][self.dups_num:]))
        self.assertFalse(np.all(self.result[1][0] == self.result[1][self.dups_num:]))</code></pre>
</details>
<h3>Ancestors</h3>
<ul class="hlist">
<li>unittest.case.TestCase</li>
</ul>
<h3>Methods</h3>
<dl>
<dt id="CCAugmentation.tests.test_operations.DuplicateTests.setUp"><code class="name flex">
<span>def <span class="ident">setUp</span></span>(<span>self) ‑> None</span>
</code></dt>
<dd>
<div class="desc"><p>Hook method for setting up the test fixture before exercising it.</p></div>
<details class="source">
<summary>
<span>Expand source code</span>
</summary>
<pre><code class="python">def setUp(self) -&gt; None:
    self.orig_len = 5
    self.dups_num = 4
    self.data = list(pipeline_helper.generate_data(self.orig_len))
    self.op = cca.Duplicate(self.dups_num)
    self.result = pipeline_helper.run_ops_in_trivial_pipeline(self.data, [self.op])</code></pre>
</details>
</dd>
<dt id="CCAugmentation.tests.test_operations.DuplicateTests.test_check_expected_samples_num_on_output"><code class="name flex">
<span>def <span class="ident">test_check_expected_samples_num_on_output</span></span>(<span>self)</span>
</code></dt>
<dd>
<div class="desc"></div>
<details class="source">
<summary>
<span>Expand source code</span>
</summary>
<pre><code class="python">def test_check_expected_samples_num_on_output(self):
    self.assertEqual(1, cca.Duplicate(1).get_output_samples_number_multiplier())
    self.assertEqual(5, cca.Duplicate(5).get_output_samples_number_multiplier())</code></pre>
</details>
</dd>
<dt id="CCAugmentation.tests.test_operations.DuplicateTests.test_duplicates_are_equal"><code class="name flex">
<span>def <span class="ident">test_duplicates_are_equal</span></span>(<span>self)</span>
</code></dt>
<dd>
<div class="desc"></div>
<details class="source">
<summary>
<span>Expand source code</span>
</summary>
<pre><code class="python">def test_duplicates_are_equal(self):
    self.assertTrue(np.all(self.data[0][0] == self.result[0][0]))
    self.assertTrue(np.all(self.data[1][0] == self.result[1][0]))
    self.assertTrue(np.all(self.result[0][0] == self.result[0][:self.dups_num]))
    self.assertTrue(np.all(self.result[1][1] == self.result[1][:self.dups_num]))</code></pre>
</details>
</dd>
<dt id="CCAugmentation.tests.test_operations.DuplicateTests.test_invalid_dup_number_fails"><code class="name flex">
<span>def <span class="ident">test_invalid_dup_number_fails</span></span>(<span>self)</span>
</code></dt>
<dd>
<div class="desc"></div>
<details class="source">
<summary>
<span>Expand source code</span>
</summary>
<pre><code class="python">def test_invalid_dup_number_fails(self):
    self.assertRaises(ValueError, lambda: cca.Duplicate(0))
    self.assertRaises(ValueError, lambda: cca.Duplicate(-1))</code></pre>
</details>
</dd>
<dt id="CCAugmentation.tests.test_operations.DuplicateTests.test_produces_correct_number_of_tuples"><code class="name flex">
<span>def <span class="ident">test_produces_correct_number_of_tuples</span></span>(<span>self)</span>
</code></dt>
<dd>
<div class="desc"></div>
<details class="source">
<summary>
<span>Expand source code</span>
</summary>
<pre><code class="python">def test_produces_correct_number_of_tuples(self):
    self.assertEqual(self.orig_len * self.dups_num, len(self.result[0]))
    self.assertEqual(self.orig_len * self.dups_num, len(self.result[1]))</code></pre>
</details>
</dd>
<dt id="CCAugmentation.tests.test_operations.DuplicateTests.test_values_are_preserved"><code class="name flex">
<span>def <span class="ident">test_values_are_preserved</span></span>(<span>self)</span>
</code></dt>
<dd>
<div class="desc"></div>
<details class="source">
<summary>
<span>Expand source code</span>
</summary>
<pre><code class="python">def test_values_are_preserved(self):
    self.assertFalse(np.all(self.result[0][0] == self.result[0][self.dups_num:]))
    self.assertFalse(np.all(self.result[1][0] == self.result[1][self.dups_num:]))</code></pre>
</details>
</dd>
</dl>
</dd>
<dt id="CCAugmentation.tests.test_operations.OptimizeBatchTests"><code class="flex name class">
<span>class <span class="ident">OptimizeBatchTests</span></span>
<span>(</span><span>methodName='runTest')</span>
</code></dt>
<dd>
<div class="desc"><p>A class whose instances are single test cases.</p>
<p>By default, the test code itself should be placed in a method named
'runTest'.</p>
<p>If the fixture may be used for many test cases, create as
many test methods as are needed. When instantiating such a TestCase
subclass, specify in the constructor arguments the name of the test method
that the instance is to execute.</p>
<p>Test authors should subclass TestCase for their own tests. Construction
and deconstruction of the test's environment ('fixture') can be
implemented by overriding the 'setUp' and 'tearDown' methods respectively.</p>
<p>If it is necessary to override the <strong>init</strong> method, the base class
<strong>init</strong> method must always be called. It is important that subclasses
should not change the signature of their <strong>init</strong> method, since instances
of the classes are instantiated automatically by parts of the framework
in order to be run.</p>
<p>When subclassing TestCase, you can set these attributes:
* failureException: determines which exception will be raised when
the instance's assertion methods fail; test methods raising this
exception will be deemed to have 'failed' rather than 'errored'.
* longMessage: determines whether long messages (including repr of
objects used in assert methods) will be printed on failure in <em>addition</em>
to any explicit message passed.
* maxDiff: sets the maximum length of a diff in failure messages
by assert methods using difflib. It is looked up as an instance
attribute so can be configured by individual tests if required.</p>
<p>Create an instance of the class that will use the named test
method when executed. Raises a ValueError if the instance does
not have a method with the specified name.</p></div>
<details class="source">
<summary>
<span>Expand source code</span>
</summary>
<pre><code class="python">class OptimizeBatchTests(unittest.TestCase):
    def setUp(self) -&gt; None:
        # 2x (10, 10), 2x (15, 10), 1x (5, 10)
        self.sizes = [(10, 10), (15, 10), (15, 10), (5, 10), (10, 10)]
        self.data = self._generate_data(self.sizes)

    @staticmethod
    def _generate_sample(width, height):
        imgs, dms = pipeline_helper.generate_data(1, width, height)
        return imgs[0], dms[0]

    @staticmethod
    def _generate_data(sizes):
        return list(zip(*[OptimizeBatchTests._generate_sample(w, h) for (w, h) in sizes]))

    def _optimize_batches(self, batch_size, buffer_size_limit):
        op = cca.OptimizeBatch(batch_size, buffer_size_limit)
        return pipeline_helper.run_ops_in_trivial_pipeline(self.data, [op])

    def test_invalid_batch_size_fails(self):
        self.assertRaises(ValueError, lambda: cca.OptimizeBatch(0))
        self.assertRaises(ValueError, lambda: cca.OptimizeBatch(-3))

    def test_invalid_buffer_size_limit_fails(self):
        self.assertRaises(ValueError, lambda: cca.OptimizeBatch(10, 0))
        self.assertRaises(ValueError, lambda: cca.OptimizeBatch(10, -1))

    def test_batch_1_works(self):
        result = self._optimize_batches(1, None)
        self.assertEqual(len(self.data[0]), len(result[0]))
        self.assertEqual(len(self.data[1]), len(result[1]))</code></pre>
</details>
<h3>Ancestors</h3>
<ul class="hlist">
<li>unittest.case.TestCase</li>
</ul>
<h3>Methods</h3>
<dl>
<dt id="CCAugmentation.tests.test_operations.OptimizeBatchTests.setUp"><code class="name flex">
<span>def <span class="ident">setUp</span></span>(<span>self) ‑> None</span>
</code></dt>
<dd>
<div class="desc"><p>Hook method for setting up the test fixture before exercising it.</p></div>
<details class="source">
<summary>
<span>Expand source code</span>
</summary>
<pre><code class="python">def setUp(self) -&gt; None:
    # 2x (10, 10), 2x (15, 10), 1x (5, 10)
    self.sizes = [(10, 10), (15, 10), (15, 10), (5, 10), (10, 10)]
    self.data = self._generate_data(self.sizes)</code></pre>
</details>
</dd>
<dt id="CCAugmentation.tests.test_operations.OptimizeBatchTests.test_batch_1_works"><code class="name flex">
<span>def <span class="ident">test_batch_1_works</span></span>(<span>self)</span>
</code></dt>
<dd>
<div class="desc"></div>
<details class="source">
<summary>
<span>Expand source code</span>
</summary>
<pre><code class="python">def test_batch_1_works(self):
    result = self._optimize_batches(1, None)
    self.assertEqual(len(self.data[0]), len(result[0]))
    self.assertEqual(len(self.data[1]), len(result[1]))</code></pre>
</details>
</dd>
<dt id="CCAugmentation.tests.test_operations.OptimizeBatchTests.test_invalid_batch_size_fails"><code class="name flex">
<span>def <span class="ident">test_invalid_batch_size_fails</span></span>(<span>self)</span>
</code></dt>
<dd>
<div class="desc"></div>
<details class="source">
<summary>
<span>Expand source code</span>
</summary>
<pre><code class="python">def test_invalid_batch_size_fails(self):
    self.assertRaises(ValueError, lambda: cca.OptimizeBatch(0))
    self.assertRaises(ValueError, lambda: cca.OptimizeBatch(-3))</code></pre>
</details>
</dd>
<dt id="CCAugmentation.tests.test_operations.OptimizeBatchTests.test_invalid_buffer_size_limit_fails"><code class="name flex">
<span>def <span class="ident">test_invalid_buffer_size_limit_fails</span></span>(<span>self)</span>
</code></dt>
<dd>
<div class="desc"></div>
<details class="source">
<summary>
<span>Expand source code</span>
</summary>
<pre><code class="python">def test_invalid_buffer_size_limit_fails(self):
    self.assertRaises(ValueError, lambda: cca.OptimizeBatch(10, 0))
    self.assertRaises(ValueError, lambda: cca.OptimizeBatch(10, -1))</code></pre>
</details>
</dd>
</dl>
</dd>
</dl>
</section>
</article>
<nav id="sidebar">
<h1>Index</h1>
<div class="toc">
<ul></ul>
</div>
<ul id="index">
<li><h3>Super-module</h3>
<ul>
<li><code><a title="CCAugmentation.tests" href="index.html">CCAugmentation.tests</a></code></li>
</ul>
</li>
<li><h3><a href="#header-classes">Classes</a></h3>
<ul>
<li>
<h4><code><a title="CCAugmentation.tests.test_operations.DropoutTests" href="#CCAugmentation.tests.test_operations.DropoutTests">DropoutTests</a></code></h4>
<ul class="">
<li><code><a title="CCAugmentation.tests.test_operations.DropoutTests.setUp" href="#CCAugmentation.tests.test_operations.DropoutTests.setUp">setUp</a></code></li>
<li><code><a title="CCAugmentation.tests.test_operations.DropoutTests.test_check_expected_samples_num_on_output" href="#CCAugmentation.tests.test_operations.DropoutTests.test_check_expected_samples_num_on_output">test_check_expected_samples_num_on_output</a></code></li>
<li><code><a title="CCAugmentation.tests.test_operations.DropoutTests.test_invalid_dropout_rate_fails" href="#CCAugmentation.tests.test_operations.DropoutTests.test_invalid_dropout_rate_fails">test_invalid_dropout_rate_fails</a></code></li>
<li><code><a title="CCAugmentation.tests.test_operations.DropoutTests.test_no_dropout_full_data" href="#CCAugmentation.tests.test_operations.DropoutTests.test_no_dropout_full_data">test_no_dropout_full_data</a></code></li>
<li><code><a title="CCAugmentation.tests.test_operations.DropoutTests.test_partial_dropout_partial_data" href="#CCAugmentation.tests.test_operations.DropoutTests.test_partial_dropout_partial_data">test_partial_dropout_partial_data</a></code></li>
</ul>
</li>
<li>
<h4><code><a title="CCAugmentation.tests.test_operations.DuplicateTests" href="#CCAugmentation.tests.test_operations.DuplicateTests">DuplicateTests</a></code></h4>
<ul class="">
<li><code><a title="CCAugmentation.tests.test_operations.DuplicateTests.setUp" href="#CCAugmentation.tests.test_operations.DuplicateTests.setUp">setUp</a></code></li>
<li><code><a title="CCAugmentation.tests.test_operations.DuplicateTests.test_check_expected_samples_num_on_output" href="#CCAugmentation.tests.test_operations.DuplicateTests.test_check_expected_samples_num_on_output">test_check_expected_samples_num_on_output</a></code></li>
<li><code><a title="CCAugmentation.tests.test_operations.DuplicateTests.test_duplicates_are_equal" href="#CCAugmentation.tests.test_operations.DuplicateTests.test_duplicates_are_equal">test_duplicates_are_equal</a></code></li>
<li><code><a title="CCAugmentation.tests.test_operations.DuplicateTests.test_invalid_dup_number_fails" href="#CCAugmentation.tests.test_operations.DuplicateTests.test_invalid_dup_number_fails">test_invalid_dup_number_fails</a></code></li>
<li><code><a title="CCAugmentation.tests.test_operations.DuplicateTests.test_produces_correct_number_of_tuples" href="#CCAugmentation.tests.test_operations.DuplicateTests.test_produces_correct_number_of_tuples">test_produces_correct_number_of_tuples</a></code></li>
<li><code><a title="CCAugmentation.tests.test_operations.DuplicateTests.test_values_are_preserved" href="#CCAugmentation.tests.test_operations.DuplicateTests.test_values_are_preserved">test_values_are_preserved</a></code></li>
</ul>
</li>
<li>
<h4><code><a title="CCAugmentation.tests.test_operations.OptimizeBatchTests" href="#CCAugmentation.tests.test_operations.OptimizeBatchTests">OptimizeBatchTests</a></code></h4>
<ul class="">
<li><code><a title="CCAugmentation.tests.test_operations.OptimizeBatchTests.setUp" href="#CCAugmentation.tests.test_operations.OptimizeBatchTests.setUp">setUp</a></code></li>
<li><code><a title="CCAugmentation.tests.test_operations.OptimizeBatchTests.test_batch_1_works" href="#CCAugmentation.tests.test_operations.OptimizeBatchTests.test_batch_1_works">test_batch_1_works</a></code></li>
<li><code><a title="CCAugmentation.tests.test_operations.OptimizeBatchTests.test_invalid_batch_size_fails" href="#CCAugmentation.tests.test_operations.OptimizeBatchTests.test_invalid_batch_size_fails">test_invalid_batch_size_fails</a></code></li>
<li><code><a title="CCAugmentation.tests.test_operations.OptimizeBatchTests.test_invalid_buffer_size_limit_fails" href="#CCAugmentation.tests.test_operations.OptimizeBatchTests.test_invalid_buffer_size_limit_fails">test_invalid_buffer_size_limit_fails</a></code></li>
</ul>
</li>
</ul>
</li>
</ul>
</nav>
</main>
<footer id="footer">
<p>Generated by <a href="https://pdoc3.github.io/pdoc" title="pdoc: Python API documentation generator"><cite>pdoc</cite> 0.10.0</a>.</p>
</footer>
</body>
</html>